2014-08-24 16:58:57,789 - [INFO] - from play in pool-4-thread-5 
Listening for HTTP on /0:0:0:0:0:0:0:0:9000

2014-08-24 16:59:18,379 - [DEBUG] - from play in play-internal-execution-context-1 
Plugin [play.api.db.BoneCPPlugin] is disabled

2014-08-24 16:59:18,382 - [DEBUG] - from play in play-internal-execution-context-1 
Plugin [play.api.db.evolutions.EvolutionsPlugin] is disabled

2014-08-24 16:59:18,536 - [DEBUG] - from net.sf.ehcache.config.ConfigurationFactory in play-internal-execution-context-1 
Configuring ehcache from URL: jar:file:/Users/dustinosthzn/.ivy2/cache/com.typesafe.play/play-cache_2.10/jars/play-cache_2.10-2.2.3.jar!/ehcache-default.xml

2014-08-24 16:59:18,537 - [DEBUG] - from net.sf.ehcache.config.ConfigurationFactory in play-internal-execution-context-1 
Configuring ehcache from InputStream

2014-08-24 16:59:18,548 - [DEBUG] - from net.sf.ehcache.config.BeanHandler in play-internal-execution-context-1 
Ignoring ehcache attribute xmlns:xsi

2014-08-24 16:59:18,548 - [DEBUG] - from net.sf.ehcache.config.BeanHandler in play-internal-execution-context-1 
Ignoring ehcache attribute xsi:noNamespaceSchemaLocation

2014-08-24 16:59:18,559 - [DEBUG] - from net.sf.ehcache.CacheManager in play-internal-execution-context-1 
Creating new CacheManager with config URL: jar:file:/Users/dustinosthzn/.ivy2/cache/com.typesafe.play/play-cache_2.10/jars/play-cache_2.10-2.2.3.jar!/ehcache-default.xml

2014-08-24 16:59:18,565 - [DEBUG] - from net.sf.ehcache.util.PropertyUtil in play-internal-execution-context-1 
propertiesString is null.

2014-08-24 16:59:18,575 - [DEBUG] - from net.sf.ehcache.config.ConfigurationHelper in play-internal-execution-context-1 
No CacheManagerEventListenerFactory class specified. Skipping...

2014-08-24 16:59:18,588 - [DEBUG] - from net.sf.ehcache.Cache in play-internal-execution-context-1 
No BootstrapCacheLoaderFactory class specified. Skipping...

2014-08-24 16:59:18,588 - [DEBUG] - from net.sf.ehcache.Cache in play-internal-execution-context-1 
CacheWriter factory not configured. Skipping...

2014-08-24 16:59:18,589 - [DEBUG] - from net.sf.ehcache.config.ConfigurationHelper in play-internal-execution-context-1 
No CacheExceptionHandlerFactory class specified. Skipping...

2014-08-24 16:59:18,608 - [DEBUG] - from net.sf.ehcache.store.MemoryStore in play-internal-execution-context-1 
Initialized net.sf.ehcache.store.NotifyingMemoryStore for play

2014-08-24 16:59:18,614 - [DEBUG] - from net.sf.ehcache.Cache in play-internal-execution-context-1 
Initialised cache: play

2014-08-24 16:59:18,615 - [DEBUG] - from net.sf.ehcache.config.ConfigurationHelper in play-internal-execution-context-1 
CacheDecoratorFactory not configured for defaultCache. Skipping for 'play'.

2014-08-24 16:59:18,615 - [DEBUG] - from application in play-internal-execution-context-1 
** onStart **

2014-08-24 16:59:18,638 - [DEBUG] - from org.bson.ObjectId in play-internal-execution-context-1 
machine piece post: 30040000

2014-08-24 16:59:18,641 - [DEBUG] - from org.bson.ObjectId in play-internal-execution-context-1 
process piece: bf59

2014-08-24 16:59:18,641 - [DEBUG] - from org.bson.ObjectId in play-internal-execution-context-1 
machine : 3004bf59

2014-08-24 16:59:18,672 - [DEBUG] - from javax.management.mbeanserver in play-internal-execution-context-1 
ObjectName = JMImplementation:type=MBeanServerDelegate

2014-08-24 16:59:18,672 - [DEBUG] - from javax.management.mbeanserver in play-internal-execution-context-1 
name = JMImplementation:type=MBeanServerDelegate

2014-08-24 16:59:18,673 - [DEBUG] - from javax.management.mbeanserver in play-internal-execution-context-1 
Send create notification of object JMImplementation:type=MBeanServerDelegate

2014-08-24 16:59:18,673 - [DEBUG] - from javax.management.mbeanserver in play-internal-execution-context-1 
JMX.mbean.registered JMImplementation:type=MBeanServerDelegate

2014-08-24 16:59:18,676 - [DEBUG] - from javax.management.mbeanserver in play-internal-execution-context-1 
 name = java.lang:type=ClassLoading

2014-08-24 16:59:18,682 - [DEBUG] - from javax.management.misc in play-internal-execution-context-1 
Building MBeanInfo for sun.management.ClassLoadingImpl

2014-08-24 16:59:18,682 - [DEBUG] - from javax.management.mbeanserver in play-internal-execution-context-1 
ObjectName = java.lang:type=ClassLoading

2014-08-24 16:59:18,682 - [DEBUG] - from javax.management.mbeanserver in play-internal-execution-context-1 
name = java.lang:type=ClassLoading

2014-08-24 16:59:18,682 - [DEBUG] - from javax.management.mbeanserver in play-internal-execution-context-1 
Send create notification of object java.lang:type=ClassLoading

2014-08-24 16:59:18,682 - [DEBUG] - from javax.management.mbeanserver in play-internal-execution-context-1 
JMX.mbean.registered java.lang:type=ClassLoading

2014-08-24 16:59:18,683 - [DEBUG] - from javax.management.mbeanserver in play-internal-execution-context-1 
 name = java.lang:type=Compilation

2014-08-24 16:59:18,683 - [DEBUG] - from javax.management.misc in play-internal-execution-context-1 
Building MBeanInfo for sun.management.CompilationImpl

2014-08-24 16:59:18,683 - [DEBUG] - from javax.management.mbeanserver in play-internal-execution-context-1 
ObjectName = java.lang:type=Compilation

2014-08-24 16:59:18,683 - [DEBUG] - from javax.management.mbeanserver in play-internal-execution-context-1 
name = java.lang:type=Compilation

2014-08-24 16:59:18,683 - [DEBUG] - from javax.management.mbeanserver in play-internal-execution-context-1 
Send create notification of object java.lang:type=Compilation

2014-08-24 16:59:18,683 - [DEBUG] - from javax.management.mbeanserver in play-internal-execution-context-1 
JMX.mbean.registered java.lang:type=Compilation

2014-08-24 16:59:18,686 - [DEBUG] - from javax.management.mbeanserver in play-internal-execution-context-1 
 name = java.lang:type=Memory

2014-08-24 16:59:18,688 - [DEBUG] - from javax.management.misc in play-internal-execution-context-1 
Building MBeanInfo for sun.management.MemoryImpl

2014-08-24 16:59:18,688 - [DEBUG] - from javax.management.mbeanserver in play-internal-execution-context-1 
ObjectName = java.lang:type=Memory

2014-08-24 16:59:18,688 - [DEBUG] - from javax.management.mbeanserver in play-internal-execution-context-1 
name = java.lang:type=Memory

2014-08-24 16:59:18,688 - [DEBUG] - from javax.management.mbeanserver in play-internal-execution-context-1 
Send create notification of object java.lang:type=Memory

2014-08-24 16:59:18,688 - [DEBUG] - from javax.management.mbeanserver in play-internal-execution-context-1 
JMX.mbean.registered java.lang:type=Memory

2014-08-24 16:59:18,689 - [DEBUG] - from javax.management.mbeanserver in play-internal-execution-context-1 
 name = java.lang:type=GarbageCollector,name=PS Scavenge

2014-08-24 16:59:18,692 - [DEBUG] - from javax.management.misc in play-internal-execution-context-1 
Building MBeanInfo for sun.management.GarbageCollectorImpl

2014-08-24 16:59:18,692 - [DEBUG] - from javax.management.mbeanserver in play-internal-execution-context-1 
ObjectName = java.lang:type=GarbageCollector,name=PS Scavenge

2014-08-24 16:59:18,692 - [DEBUG] - from javax.management.mbeanserver in play-internal-execution-context-1 
name = java.lang:type=GarbageCollector,name=PS Scavenge

2014-08-24 16:59:18,693 - [DEBUG] - from javax.management.mbeanserver in play-internal-execution-context-1 
Send create notification of object java.lang:name=PS Scavenge,type=GarbageCollector

2014-08-24 16:59:18,693 - [DEBUG] - from javax.management.mbeanserver in play-internal-execution-context-1 
JMX.mbean.registered java.lang:type=GarbageCollector,name=PS Scavenge

2014-08-24 16:59:18,737 - [DEBUG] - from javax.management.mbeanserver in play-internal-execution-context-1 
 name = java.lang:type=GarbageCollector,name=PS MarkSweep

2014-08-24 16:59:18,737 - [DEBUG] - from javax.management.misc in play-internal-execution-context-1 
Building MBeanInfo for sun.management.GarbageCollectorImpl

2014-08-24 16:59:18,737 - [DEBUG] - from javax.management.mbeanserver in play-internal-execution-context-1 
ObjectName = java.lang:type=GarbageCollector,name=PS MarkSweep

2014-08-24 16:59:18,737 - [DEBUG] - from javax.management.mbeanserver in play-internal-execution-context-1 
name = java.lang:type=GarbageCollector,name=PS MarkSweep

2014-08-24 16:59:18,737 - [DEBUG] - from javax.management.mbeanserver in play-internal-execution-context-1 
Send create notification of object java.lang:name=PS MarkSweep,type=GarbageCollector

2014-08-24 16:59:18,737 - [DEBUG] - from javax.management.mbeanserver in play-internal-execution-context-1 
JMX.mbean.registered java.lang:type=GarbageCollector,name=PS MarkSweep

2014-08-24 16:59:18,737 - [DEBUG] - from javax.management.mbeanserver in play-internal-execution-context-1 
 name = java.lang:type=MemoryManager,name=CodeCacheManager

2014-08-24 16:59:18,738 - [DEBUG] - from javax.management.misc in play-internal-execution-context-1 
Building MBeanInfo for sun.management.MemoryManagerImpl

2014-08-24 16:59:18,738 - [DEBUG] - from javax.management.mbeanserver in play-internal-execution-context-1 
ObjectName = java.lang:type=MemoryManager,name=CodeCacheManager

2014-08-24 16:59:18,738 - [DEBUG] - from javax.management.mbeanserver in play-internal-execution-context-1 
name = java.lang:type=MemoryManager,name=CodeCacheManager

2014-08-24 16:59:18,793 - [DEBUG] - from javax.management.mbeanserver in play-internal-execution-context-1 
Send create notification of object java.lang:name=CodeCacheManager,type=MemoryManager

2014-08-24 16:59:18,793 - [DEBUG] - from javax.management.mbeanserver in play-internal-execution-context-1 
JMX.mbean.registered java.lang:type=MemoryManager,name=CodeCacheManager

2014-08-24 16:59:18,793 - [DEBUG] - from javax.management.mbeanserver in play-internal-execution-context-1 
 name = java.lang:type=MemoryManager,name=Metaspace Manager

2014-08-24 16:59:18,793 - [DEBUG] - from javax.management.misc in play-internal-execution-context-1 
Building MBeanInfo for sun.management.MemoryManagerImpl

2014-08-24 16:59:18,793 - [DEBUG] - from javax.management.mbeanserver in play-internal-execution-context-1 
ObjectName = java.lang:type=MemoryManager,name=Metaspace Manager

2014-08-24 16:59:18,793 - [DEBUG] - from javax.management.mbeanserver in play-internal-execution-context-1 
name = java.lang:type=MemoryManager,name=Metaspace Manager

2014-08-24 16:59:18,793 - [DEBUG] - from javax.management.mbeanserver in play-internal-execution-context-1 
Send create notification of object java.lang:name=Metaspace Manager,type=MemoryManager

2014-08-24 16:59:18,793 - [DEBUG] - from javax.management.mbeanserver in play-internal-execution-context-1 
JMX.mbean.registered java.lang:type=MemoryManager,name=Metaspace Manager

2014-08-24 16:59:18,793 - [DEBUG] - from javax.management.mbeanserver in play-internal-execution-context-1 
 name = java.lang:type=GarbageCollector,name=PS Scavenge

2014-08-24 16:59:18,793 - [DEBUG] - from javax.management.mbeanserver in play-internal-execution-context-1 
 name = java.lang:type=GarbageCollector,name=PS MarkSweep

2014-08-24 16:59:18,834 - [DEBUG] - from javax.management.mbeanserver in play-internal-execution-context-1 
 name = java.lang:type=MemoryPool,name=Code Cache

2014-08-24 16:59:18,835 - [DEBUG] - from javax.management.misc in play-internal-execution-context-1 
Building MBeanInfo for sun.management.MemoryPoolImpl

2014-08-24 16:59:18,835 - [DEBUG] - from javax.management.mbeanserver in play-internal-execution-context-1 
ObjectName = java.lang:type=MemoryPool,name=Code Cache

2014-08-24 16:59:18,835 - [DEBUG] - from javax.management.mbeanserver in play-internal-execution-context-1 
name = java.lang:type=MemoryPool,name=Code Cache

2014-08-24 16:59:18,835 - [DEBUG] - from javax.management.mbeanserver in play-internal-execution-context-1 
Send create notification of object java.lang:name=Code Cache,type=MemoryPool

2014-08-24 16:59:18,835 - [DEBUG] - from javax.management.mbeanserver in play-internal-execution-context-1 
JMX.mbean.registered java.lang:type=MemoryPool,name=Code Cache

2014-08-24 16:59:18,835 - [DEBUG] - from javax.management.mbeanserver in play-internal-execution-context-1 
 name = java.lang:type=MemoryPool,name=Metaspace

2014-08-24 16:59:18,835 - [DEBUG] - from javax.management.misc in play-internal-execution-context-1 
Building MBeanInfo for sun.management.MemoryPoolImpl

2014-08-24 16:59:18,835 - [DEBUG] - from javax.management.mbeanserver in play-internal-execution-context-1 
ObjectName = java.lang:type=MemoryPool,name=Metaspace

2014-08-24 16:59:18,835 - [DEBUG] - from javax.management.mbeanserver in play-internal-execution-context-1 
name = java.lang:type=MemoryPool,name=Metaspace

2014-08-24 16:59:18,835 - [DEBUG] - from javax.management.mbeanserver in play-internal-execution-context-1 
Send create notification of object java.lang:name=Metaspace,type=MemoryPool

2014-08-24 16:59:18,870 - [DEBUG] - from javax.management.mbeanserver in play-internal-execution-context-1 
JMX.mbean.registered java.lang:type=MemoryPool,name=Metaspace

2014-08-24 16:59:18,870 - [DEBUG] - from javax.management.mbeanserver in play-internal-execution-context-1 
 name = java.lang:type=MemoryPool,name=Compressed Class Space

2014-08-24 16:59:18,870 - [DEBUG] - from javax.management.misc in play-internal-execution-context-1 
Building MBeanInfo for sun.management.MemoryPoolImpl

2014-08-24 16:59:18,870 - [DEBUG] - from javax.management.mbeanserver in play-internal-execution-context-1 
ObjectName = java.lang:type=MemoryPool,name=Compressed Class Space

2014-08-24 16:59:18,871 - [DEBUG] - from javax.management.mbeanserver in play-internal-execution-context-1 
name = java.lang:type=MemoryPool,name=Compressed Class Space

2014-08-24 16:59:18,871 - [DEBUG] - from javax.management.mbeanserver in play-internal-execution-context-1 
Send create notification of object java.lang:name=Compressed Class Space,type=MemoryPool

2014-08-24 16:59:18,871 - [DEBUG] - from javax.management.mbeanserver in play-internal-execution-context-1 
JMX.mbean.registered java.lang:type=MemoryPool,name=Compressed Class Space

2014-08-24 16:59:18,871 - [DEBUG] - from javax.management.mbeanserver in play-internal-execution-context-1 
 name = java.lang:type=MemoryPool,name=PS Eden Space

2014-08-24 16:59:18,871 - [DEBUG] - from javax.management.misc in play-internal-execution-context-1 
Building MBeanInfo for sun.management.MemoryPoolImpl

2014-08-24 16:59:18,871 - [DEBUG] - from javax.management.mbeanserver in play-internal-execution-context-1 
ObjectName = java.lang:type=MemoryPool,name=PS Eden Space

2014-08-24 16:59:18,871 - [DEBUG] - from javax.management.mbeanserver in play-internal-execution-context-1 
name = java.lang:type=MemoryPool,name=PS Eden Space

2014-08-24 16:59:18,916 - [DEBUG] - from javax.management.mbeanserver in play-internal-execution-context-1 
Send create notification of object java.lang:name=PS Eden Space,type=MemoryPool

2014-08-24 16:59:18,916 - [DEBUG] - from javax.management.mbeanserver in play-internal-execution-context-1 
JMX.mbean.registered java.lang:type=MemoryPool,name=PS Eden Space

2014-08-24 16:59:18,917 - [DEBUG] - from javax.management.mbeanserver in play-internal-execution-context-1 
 name = java.lang:type=MemoryPool,name=PS Survivor Space

2014-08-24 16:59:18,917 - [DEBUG] - from javax.management.misc in play-internal-execution-context-1 
Building MBeanInfo for sun.management.MemoryPoolImpl

2014-08-24 16:59:18,917 - [DEBUG] - from javax.management.mbeanserver in play-internal-execution-context-1 
ObjectName = java.lang:type=MemoryPool,name=PS Survivor Space

2014-08-24 16:59:18,917 - [DEBUG] - from javax.management.mbeanserver in play-internal-execution-context-1 
name = java.lang:type=MemoryPool,name=PS Survivor Space

2014-08-24 16:59:18,917 - [DEBUG] - from javax.management.mbeanserver in play-internal-execution-context-1 
Send create notification of object java.lang:name=PS Survivor Space,type=MemoryPool

2014-08-24 16:59:18,917 - [DEBUG] - from javax.management.mbeanserver in play-internal-execution-context-1 
JMX.mbean.registered java.lang:type=MemoryPool,name=PS Survivor Space

2014-08-24 16:59:18,917 - [DEBUG] - from javax.management.mbeanserver in play-internal-execution-context-1 
 name = java.lang:type=MemoryPool,name=PS Old Gen

2014-08-24 16:59:18,917 - [DEBUG] - from javax.management.misc in play-internal-execution-context-1 
Building MBeanInfo for sun.management.MemoryPoolImpl

2014-08-24 16:59:18,957 - [DEBUG] - from javax.management.mbeanserver in play-internal-execution-context-1 
ObjectName = java.lang:type=MemoryPool,name=PS Old Gen

2014-08-24 16:59:18,957 - [DEBUG] - from javax.management.mbeanserver in play-internal-execution-context-1 
name = java.lang:type=MemoryPool,name=PS Old Gen

2014-08-24 16:59:18,957 - [DEBUG] - from javax.management.mbeanserver in play-internal-execution-context-1 
Send create notification of object java.lang:name=PS Old Gen,type=MemoryPool

2014-08-24 16:59:18,957 - [DEBUG] - from javax.management.mbeanserver in play-internal-execution-context-1 
JMX.mbean.registered java.lang:type=MemoryPool,name=PS Old Gen

2014-08-24 16:59:18,958 - [DEBUG] - from javax.management.mbeanserver in play-internal-execution-context-1 
 name = java.lang:type=OperatingSystem

2014-08-24 16:59:18,959 - [DEBUG] - from javax.management.misc in play-internal-execution-context-1 
Building MBeanInfo for sun.management.OperatingSystemImpl

2014-08-24 16:59:18,959 - [DEBUG] - from javax.management.mbeanserver in play-internal-execution-context-1 
ObjectName = java.lang:type=OperatingSystem

2014-08-24 16:59:18,959 - [DEBUG] - from javax.management.mbeanserver in play-internal-execution-context-1 
name = java.lang:type=OperatingSystem

2014-08-24 16:59:18,959 - [DEBUG] - from javax.management.mbeanserver in play-internal-execution-context-1 
Send create notification of object java.lang:type=OperatingSystem

2014-08-24 16:59:18,959 - [DEBUG] - from javax.management.mbeanserver in play-internal-execution-context-1 
JMX.mbean.registered java.lang:type=OperatingSystem

2014-08-24 16:59:18,959 - [DEBUG] - from javax.management.mbeanserver in play-internal-execution-context-1 
 name = java.lang:type=Runtime

2014-08-24 16:59:18,960 - [DEBUG] - from javax.management.misc in play-internal-execution-context-1 
Building MBeanInfo for sun.management.RuntimeImpl

2014-08-24 16:59:19,002 - [DEBUG] - from javax.management.mbeanserver in play-internal-execution-context-1 
ObjectName = java.lang:type=Runtime

2014-08-24 16:59:19,003 - [DEBUG] - from javax.management.mbeanserver in play-internal-execution-context-1 
name = java.lang:type=Runtime

2014-08-24 16:59:19,003 - [DEBUG] - from javax.management.mbeanserver in play-internal-execution-context-1 
Send create notification of object java.lang:type=Runtime

2014-08-24 16:59:19,003 - [DEBUG] - from javax.management.mbeanserver in play-internal-execution-context-1 
JMX.mbean.registered java.lang:type=Runtime

2014-08-24 16:59:19,004 - [DEBUG] - from javax.management.mbeanserver in play-internal-execution-context-1 
 name = java.lang:type=Threading

2014-08-24 16:59:19,007 - [DEBUG] - from javax.management.misc in play-internal-execution-context-1 
Building MBeanInfo for sun.management.ThreadImpl

2014-08-24 16:59:19,008 - [DEBUG] - from javax.management.mbeanserver in play-internal-execution-context-1 
ObjectName = java.lang:type=Threading

2014-08-24 16:59:19,008 - [DEBUG] - from javax.management.mbeanserver in play-internal-execution-context-1 
name = java.lang:type=Threading

2014-08-24 16:59:19,008 - [DEBUG] - from javax.management.mbeanserver in play-internal-execution-context-1 
Send create notification of object java.lang:type=Threading

2014-08-24 16:59:19,008 - [DEBUG] - from javax.management.mbeanserver in play-internal-execution-context-1 
JMX.mbean.registered java.lang:type=Threading

2014-08-24 16:59:19,008 - [DEBUG] - from javax.management.mbeanserver in play-internal-execution-context-1 
 name = java.util.logging:type=Logging

2014-08-24 16:59:19,010 - [DEBUG] - from javax.management.misc in play-internal-execution-context-1 
Building MBeanInfo for sun.management.ManagementFactoryHelper$PlatformLoggingImpl

2014-08-24 16:59:19,010 - [DEBUG] - from javax.management.mbeanserver in play-internal-execution-context-1 
ObjectName = java.util.logging:type=Logging

2014-08-24 16:59:19,051 - [DEBUG] - from javax.management.mbeanserver in play-internal-execution-context-1 
name = java.util.logging:type=Logging

2014-08-24 16:59:19,051 - [DEBUG] - from javax.management.mbeanserver in play-internal-execution-context-1 
Send create notification of object java.util.logging:type=Logging

2014-08-24 16:59:19,051 - [DEBUG] - from javax.management.mbeanserver in play-internal-execution-context-1 
JMX.mbean.registered java.util.logging:type=Logging

2014-08-24 16:59:19,051 - [DEBUG] - from javax.management.mbeanserver in play-internal-execution-context-1 
 name = java.nio:type=BufferPool,name=direct

2014-08-24 16:59:19,052 - [DEBUG] - from javax.management.misc in play-internal-execution-context-1 
Building MBeanInfo for sun.management.ManagementFactoryHelper$1

2014-08-24 16:59:19,052 - [DEBUG] - from javax.management.mbeanserver in play-internal-execution-context-1 
ObjectName = java.nio:type=BufferPool,name=direct

2014-08-24 16:59:19,052 - [DEBUG] - from javax.management.mbeanserver in play-internal-execution-context-1 
name = java.nio:type=BufferPool,name=direct

2014-08-24 16:59:19,052 - [DEBUG] - from javax.management.mbeanserver in play-internal-execution-context-1 
Send create notification of object java.nio:name=direct,type=BufferPool

2014-08-24 16:59:19,052 - [DEBUG] - from javax.management.mbeanserver in play-internal-execution-context-1 
JMX.mbean.registered java.nio:type=BufferPool,name=direct

2014-08-24 16:59:19,052 - [DEBUG] - from javax.management.mbeanserver in play-internal-execution-context-1 
 name = java.nio:type=BufferPool,name=mapped

2014-08-24 16:59:19,052 - [DEBUG] - from javax.management.misc in play-internal-execution-context-1 
Building MBeanInfo for sun.management.ManagementFactoryHelper$1

2014-08-24 16:59:19,052 - [DEBUG] - from javax.management.mbeanserver in play-internal-execution-context-1 
ObjectName = java.nio:type=BufferPool,name=mapped

2014-08-24 16:59:19,091 - [DEBUG] - from javax.management.mbeanserver in play-internal-execution-context-1 
name = java.nio:type=BufferPool,name=mapped

2014-08-24 16:59:19,091 - [DEBUG] - from javax.management.mbeanserver in play-internal-execution-context-1 
Send create notification of object java.nio:name=mapped,type=BufferPool

2014-08-24 16:59:19,091 - [DEBUG] - from javax.management.mbeanserver in play-internal-execution-context-1 
JMX.mbean.registered java.nio:type=BufferPool,name=mapped

2014-08-24 16:59:19,091 - [DEBUG] - from javax.management.mbeanserver in play-internal-execution-context-1 
 name = java.lang:type=GarbageCollector,name=PS Scavenge

2014-08-24 16:59:19,092 - [DEBUG] - from javax.management.mbeanserver in play-internal-execution-context-1 
 name = java.lang:type=GarbageCollector,name=PS MarkSweep

2014-08-24 16:59:19,092 - [DEBUG] - from javax.management.mbeanserver in play-internal-execution-context-1 
 name = java.lang:type=OperatingSystem

2014-08-24 16:59:19,092 - [DEBUG] - from javax.management.mbeanserver in play-internal-execution-context-1 
 name = java.lang:type=OperatingSystem

2014-08-24 16:59:19,092 - [DEBUG] - from javax.management.mbeanserver in play-internal-execution-context-1 
 name = com.sun.management:type=HotSpotDiagnostic

2014-08-24 16:59:19,093 - [DEBUG] - from javax.management.misc in play-internal-execution-context-1 
Building MBeanInfo for sun.management.HotSpotDiagnostic

2014-08-24 16:59:19,093 - [DEBUG] - from javax.management.mbeanserver in play-internal-execution-context-1 
ObjectName = com.sun.management:type=HotSpotDiagnostic

2014-08-24 16:59:19,093 - [DEBUG] - from javax.management.mbeanserver in play-internal-execution-context-1 
name = com.sun.management:type=HotSpotDiagnostic

2014-08-24 16:59:19,133 - [DEBUG] - from javax.management.mbeanserver in play-internal-execution-context-1 
Send create notification of object com.sun.management:type=HotSpotDiagnostic

2014-08-24 16:59:19,133 - [DEBUG] - from javax.management.mbeanserver in play-internal-execution-context-1 
JMX.mbean.registered com.sun.management:type=HotSpotDiagnostic

2014-08-24 16:59:19,137 - [DEBUG] - from javax.management.mbeanserver in play-internal-execution-context-1 
ObjectName = com.sun.management:type=DiagnosticCommand

2014-08-24 16:59:19,137 - [DEBUG] - from javax.management.mbeanserver in play-internal-execution-context-1 
name = com.sun.management:type=DiagnosticCommand

2014-08-24 16:59:19,137 - [DEBUG] - from javax.management.mbeanserver in play-internal-execution-context-1 
Send create notification of object com.sun.management:type=DiagnosticCommand

2014-08-24 16:59:19,137 - [DEBUG] - from javax.management.mbeanserver in play-internal-execution-context-1 
JMX.mbean.registered com.sun.management:type=DiagnosticCommand

2014-08-24 16:59:19,137 - [DEBUG] - from javax.management.mbeanserver in play-internal-execution-context-1 
 name = com.mongodb:type=ConnectionPool,host=localhost/127.0.0.1,port=27017,instance=1

2014-08-24 16:59:19,140 - [DEBUG] - from javax.management.mbeanserver in play-internal-execution-context-1 
ObjectName = com.mongodb:type=ConnectionPool,host=localhost/127.0.0.1,port=27017,instance=1

2014-08-24 16:59:19,140 - [DEBUG] - from javax.management.mbeanserver in play-internal-execution-context-1 
name = com.mongodb:type=ConnectionPool,host=localhost/127.0.0.1,port=27017,instance=1

2014-08-24 16:59:19,140 - [DEBUG] - from javax.management.mbeanserver in play-internal-execution-context-1 
Send create notification of object com.mongodb:host=localhost/127.0.0.1,instance=1,port=27017,type=ConnectionPool

2014-08-24 16:59:19,178 - [DEBUG] - from javax.management.mbeanserver in play-internal-execution-context-1 
JMX.mbean.registered com.mongodb:type=ConnectionPool,host=localhost/127.0.0.1,port=27017,instance=1

2014-08-24 16:59:19,189 - [INFO] - from com.google.code.morphia.logging.MorphiaLoggerFactory in play-internal-execution-context-1 
LoggerImplFactory set to com.google.code.morphia.logging.slf4j.SLF4JLogrImplFactory

2014-08-24 16:59:19,230 - [DEBUG] - from application in play-internal-execution-context-1 
** Morphia datastore: boomer

2014-08-24 16:59:19,236 - [INFO] - from play in play-internal-execution-context-1 
Application started (Dev)

2014-08-24 16:59:19,434 - [INFO] - from akka.event.slf4j.Slf4jLogger in play-akka.actor.default-dispatcher-2 
Slf4jLogger started

2014-08-24 16:59:19,965 - [DEBUG] - from com.google.code.morphia.mapping.MappedClass in play-akka.actor.default-dispatcher-7 
MappedClass done: MappedClass - kind:Item for model.Item fields:[_id ( type:ObjectId, single:true); {interface com.google.code.morphia.annotations.Id=@com.google.code.morphia.annotations.Id()}, name ( type:String, single:true); {}, description ( type:String, single:true); {}]

2014-08-24 16:59:19,965 - [DEBUG] - from com.google.code.morphia.mapping.MappedClass in play-akka.actor.default-dispatcher-9 
MappedClass done: MappedClass - kind:User for model.User fields:[_id ( type:ObjectId, single:true); {interface com.google.code.morphia.annotations.Id=@com.google.code.morphia.annotations.Id(), interface com.google.code.morphia.annotations.Property=@com.google.code.morphia.annotations.Property(value=id, concreteClass=class java.lang.Object)}, name ( type:String, single:true); {}, email ( type:String, single:true); {}, password ( type:String, single:true); {}, status ( type:String, single:true); {}]

2014-08-24 16:59:26,739 - [DEBUG] - from org.springframework.beans.CachedIntrospectionResults in play-akka.actor.default-dispatcher-7 
Not strongly caching class [forms.AddItemRequest] because it is not cache-safe

2014-08-24 17:36:15,739 - [DEBUG] - from org.springframework.beans.CachedIntrospectionResults in play-akka.actor.default-dispatcher-78 
Not strongly caching class [forms.AddItemRequest] because it is not cache-safe

2014-08-24 18:21:54,580 - [DEBUG] - from play in play-internal-execution-context-24 
Plugin [play.api.db.BoneCPPlugin] is disabled

2014-08-24 18:21:54,580 - [DEBUG] - from play in play-internal-execution-context-24 
Plugin [play.api.db.evolutions.EvolutionsPlugin] is disabled

2014-08-24 18:21:54,588 - [DEBUG] - from net.sf.ehcache.config.ConfigurationFactory in play-internal-execution-context-24 
Configuring ehcache from URL: jar:file:/Users/dustinosthzn/.ivy2/cache/com.typesafe.play/play-cache_2.10/jars/play-cache_2.10-2.2.3.jar!/ehcache-default.xml

2014-08-24 18:21:54,588 - [DEBUG] - from net.sf.ehcache.config.ConfigurationFactory in play-internal-execution-context-24 
Configuring ehcache from InputStream

2014-08-24 18:21:54,590 - [DEBUG] - from net.sf.ehcache.config.BeanHandler in play-internal-execution-context-24 
Ignoring ehcache attribute xmlns:xsi

2014-08-24 18:21:54,590 - [DEBUG] - from net.sf.ehcache.config.BeanHandler in play-internal-execution-context-24 
Ignoring ehcache attribute xsi:noNamespaceSchemaLocation

2014-08-24 18:21:54,592 - [DEBUG] - from net.sf.ehcache.CacheManager in play-internal-execution-context-24 
Creating new CacheManager with config URL: jar:file:/Users/dustinosthzn/.ivy2/cache/com.typesafe.play/play-cache_2.10/jars/play-cache_2.10-2.2.3.jar!/ehcache-default.xml

2014-08-24 18:21:54,592 - [DEBUG] - from net.sf.ehcache.util.PropertyUtil in play-internal-execution-context-24 
propertiesString is null.

2014-08-24 18:21:54,593 - [DEBUG] - from net.sf.ehcache.config.ConfigurationHelper in play-internal-execution-context-24 
No CacheManagerEventListenerFactory class specified. Skipping...

2014-08-24 18:21:54,593 - [DEBUG] - from net.sf.ehcache.Cache in play-internal-execution-context-24 
No BootstrapCacheLoaderFactory class specified. Skipping...

2014-08-24 18:21:54,593 - [DEBUG] - from net.sf.ehcache.Cache in play-internal-execution-context-24 
CacheWriter factory not configured. Skipping...

2014-08-24 18:21:54,593 - [DEBUG] - from net.sf.ehcache.config.ConfigurationHelper in play-internal-execution-context-24 
No CacheExceptionHandlerFactory class specified. Skipping...

2014-08-24 18:21:54,594 - [DEBUG] - from net.sf.ehcache.store.MemoryStore in play-internal-execution-context-24 
Initialized net.sf.ehcache.store.NotifyingMemoryStore for play

2014-08-24 18:21:54,595 - [DEBUG] - from net.sf.ehcache.Cache in play-internal-execution-context-24 
Initialised cache: play

2014-08-24 18:21:54,595 - [DEBUG] - from net.sf.ehcache.config.ConfigurationHelper in play-internal-execution-context-24 
CacheDecoratorFactory not configured for defaultCache. Skipping for 'play'.

2014-08-24 18:21:54,595 - [DEBUG] - from application in play-internal-execution-context-24 
** onStart **

2014-08-24 18:21:54,596 - [DEBUG] - from javax.management.mbeanserver in play-internal-execution-context-24 
 name = com.mongodb:type=ConnectionPool,host=localhost/127.0.0.1,port=27017,instance=2

2014-08-24 18:21:54,597 - [DEBUG] - from javax.management.mbeanserver in play-internal-execution-context-24 
ObjectName = com.mongodb:type=ConnectionPool,host=localhost/127.0.0.1,port=27017,instance=2

2014-08-24 18:21:54,597 - [DEBUG] - from javax.management.mbeanserver in play-internal-execution-context-24 
name = com.mongodb:type=ConnectionPool,host=localhost/127.0.0.1,port=27017,instance=2

2014-08-24 18:21:54,597 - [DEBUG] - from javax.management.mbeanserver in play-internal-execution-context-24 
Send create notification of object com.mongodb:host=localhost/127.0.0.1,instance=2,port=27017,type=ConnectionPool

2014-08-24 18:21:54,597 - [DEBUG] - from javax.management.mbeanserver in play-internal-execution-context-24 
JMX.mbean.registered com.mongodb:type=ConnectionPool,host=localhost/127.0.0.1,port=27017,instance=2

2014-08-24 18:21:54,600 - [DEBUG] - from application in play-internal-execution-context-24 
** Morphia datastore: boomer

2014-08-24 18:21:54,600 - [INFO] - from play in play-internal-execution-context-24 
Application started (Dev)

2014-08-24 18:21:55,022 - [DEBUG] - from com.google.code.morphia.mapping.MappedClass in play-akka.actor.default-dispatcher-151 
MappedClass done: MappedClass - kind:User for model.User fields:[_id ( type:ObjectId, single:true); {interface com.google.code.morphia.annotations.Id=@com.google.code.morphia.annotations.Id(), interface com.google.code.morphia.annotations.Property=@com.google.code.morphia.annotations.Property(value=id, concreteClass=class java.lang.Object)}, name ( type:String, single:true); {}, email ( type:String, single:true); {}, password ( type:String, single:true); {}, status ( type:String, single:true); {}]

2014-08-24 18:21:55,022 - [DEBUG] - from com.google.code.morphia.mapping.MappedClass in play-akka.actor.default-dispatcher-149 
MappedClass done: MappedClass - kind:Item for model.Item fields:[_id ( type:ObjectId, single:true); {interface com.google.code.morphia.annotations.Id=@com.google.code.morphia.annotations.Id()}, name ( type:String, single:true); {}, description ( type:String, single:true); {}]

2014-08-24 18:21:59,264 - [DEBUG] - from org.springframework.beans.CachedIntrospectionResults in play-akka.actor.default-dispatcher-150 
Not strongly caching class [forms.AddItemRequest] because it is not cache-safe

2014-08-24 19:32:36,709 - [DEBUG] - from play in play-internal-execution-context-24 
Plugin [play.api.db.BoneCPPlugin] is disabled

2014-08-24 19:32:36,710 - [DEBUG] - from play in play-internal-execution-context-24 
Plugin [play.api.db.evolutions.EvolutionsPlugin] is disabled

2014-08-24 19:32:36,719 - [DEBUG] - from net.sf.ehcache.config.ConfigurationFactory in play-internal-execution-context-24 
Configuring ehcache from URL: jar:file:/Users/dustinosthzn/.ivy2/cache/com.typesafe.play/play-cache_2.10/jars/play-cache_2.10-2.2.3.jar!/ehcache-default.xml

2014-08-24 19:32:36,719 - [DEBUG] - from net.sf.ehcache.config.ConfigurationFactory in play-internal-execution-context-24 
Configuring ehcache from InputStream

2014-08-24 19:32:36,720 - [DEBUG] - from net.sf.ehcache.config.BeanHandler in play-internal-execution-context-24 
Ignoring ehcache attribute xmlns:xsi

2014-08-24 19:32:36,720 - [DEBUG] - from net.sf.ehcache.config.BeanHandler in play-internal-execution-context-24 
Ignoring ehcache attribute xsi:noNamespaceSchemaLocation

2014-08-24 19:32:36,722 - [DEBUG] - from net.sf.ehcache.CacheManager in play-internal-execution-context-24 
Creating new CacheManager with config URL: jar:file:/Users/dustinosthzn/.ivy2/cache/com.typesafe.play/play-cache_2.10/jars/play-cache_2.10-2.2.3.jar!/ehcache-default.xml

2014-08-24 19:32:36,722 - [DEBUG] - from net.sf.ehcache.util.PropertyUtil in play-internal-execution-context-24 
propertiesString is null.

2014-08-24 19:32:36,723 - [DEBUG] - from net.sf.ehcache.config.ConfigurationHelper in play-internal-execution-context-24 
No CacheManagerEventListenerFactory class specified. Skipping...

2014-08-24 19:32:36,723 - [DEBUG] - from net.sf.ehcache.Cache in play-internal-execution-context-24 
No BootstrapCacheLoaderFactory class specified. Skipping...

2014-08-24 19:32:36,723 - [DEBUG] - from net.sf.ehcache.Cache in play-internal-execution-context-24 
CacheWriter factory not configured. Skipping...

2014-08-24 19:32:36,723 - [DEBUG] - from net.sf.ehcache.config.ConfigurationHelper in play-internal-execution-context-24 
No CacheExceptionHandlerFactory class specified. Skipping...

2014-08-24 19:32:36,724 - [DEBUG] - from net.sf.ehcache.store.MemoryStore in play-internal-execution-context-24 
Initialized net.sf.ehcache.store.NotifyingMemoryStore for play

2014-08-24 19:32:36,725 - [DEBUG] - from net.sf.ehcache.Cache in play-internal-execution-context-24 
Initialised cache: play

2014-08-24 19:32:36,725 - [DEBUG] - from net.sf.ehcache.config.ConfigurationHelper in play-internal-execution-context-24 
CacheDecoratorFactory not configured for defaultCache. Skipping for 'play'.

2014-08-24 19:32:36,725 - [DEBUG] - from application in play-internal-execution-context-24 
** onStart **

2014-08-24 19:32:36,725 - [DEBUG] - from javax.management.mbeanserver in play-internal-execution-context-24 
 name = com.mongodb:type=ConnectionPool,host=localhost/127.0.0.1,port=27017,instance=3

2014-08-24 19:32:36,726 - [DEBUG] - from javax.management.mbeanserver in play-internal-execution-context-24 
ObjectName = com.mongodb:type=ConnectionPool,host=localhost/127.0.0.1,port=27017,instance=3

2014-08-24 19:32:36,726 - [DEBUG] - from javax.management.mbeanserver in play-internal-execution-context-24 
name = com.mongodb:type=ConnectionPool,host=localhost/127.0.0.1,port=27017,instance=3

2014-08-24 19:32:36,745 - [DEBUG] - from javax.management.mbeanserver in play-internal-execution-context-24 
Send create notification of object com.mongodb:host=localhost/127.0.0.1,instance=3,port=27017,type=ConnectionPool

2014-08-24 19:32:36,745 - [DEBUG] - from javax.management.mbeanserver in play-internal-execution-context-24 
JMX.mbean.registered com.mongodb:type=ConnectionPool,host=localhost/127.0.0.1,port=27017,instance=3

2014-08-24 19:32:36,747 - [DEBUG] - from application in play-internal-execution-context-24 
** Morphia datastore: boomer

2014-08-24 19:32:36,747 - [INFO] - from play in play-internal-execution-context-24 
Application started (Dev)

2014-08-24 19:32:37,150 - [DEBUG] - from com.google.code.morphia.mapping.MappedClass in play-akka.actor.default-dispatcher-155 
MappedClass done: MappedClass - kind:Item for model.Item fields:[_id ( type:ObjectId, single:true); {interface com.google.code.morphia.annotations.Id=@com.google.code.morphia.annotations.Id()}, name ( type:String, single:true); {}, description ( type:String, single:true); {}]

2014-08-24 19:32:37,150 - [DEBUG] - from com.google.code.morphia.mapping.MappedClass in play-akka.actor.default-dispatcher-154 
MappedClass done: MappedClass - kind:User for model.User fields:[_id ( type:ObjectId, single:true); {interface com.google.code.morphia.annotations.Id=@com.google.code.morphia.annotations.Id(), interface com.google.code.morphia.annotations.Property=@com.google.code.morphia.annotations.Property(value=id, concreteClass=class java.lang.Object)}, name ( type:String, single:true); {}, email ( type:String, single:true); {}, password ( type:String, single:true); {}, status ( type:String, single:true); {}]

2014-08-24 19:33:11,097 - [DEBUG] - from org.springframework.beans.CachedIntrospectionResults in play-akka.actor.default-dispatcher-162 
Not strongly caching class [forms.AddItemRequest] because it is not cache-safe

2014-08-24 19:39:47,251 - [DEBUG] - from org.springframework.beans.CachedIntrospectionResults in play-akka.actor.default-dispatcher-184 
Not strongly caching class [forms.AddItemRequest] because it is not cache-safe

2014-08-24 19:49:31,367 - [DEBUG] - from org.springframework.beans.CachedIntrospectionResults in play-akka.actor.default-dispatcher-236 
Not strongly caching class [forms.AddItemRequest] because it is not cache-safe

2014-08-24 20:11:42,369 - [DEBUG] - from play in play-internal-execution-context-37 
Plugin [play.api.db.BoneCPPlugin] is disabled

2014-08-24 20:11:42,370 - [DEBUG] - from play in play-internal-execution-context-37 
Plugin [play.api.db.evolutions.EvolutionsPlugin] is disabled

2014-08-24 20:11:42,380 - [DEBUG] - from net.sf.ehcache.config.ConfigurationFactory in play-internal-execution-context-37 
Configuring ehcache from URL: jar:file:/Users/dustinosthzn/.ivy2/cache/com.typesafe.play/play-cache_2.10/jars/play-cache_2.10-2.2.3.jar!/ehcache-default.xml

2014-08-24 20:11:42,380 - [DEBUG] - from net.sf.ehcache.config.ConfigurationFactory in play-internal-execution-context-37 
Configuring ehcache from InputStream

2014-08-24 20:11:42,381 - [DEBUG] - from net.sf.ehcache.config.BeanHandler in play-internal-execution-context-37 
Ignoring ehcache attribute xmlns:xsi

2014-08-24 20:11:42,381 - [DEBUG] - from net.sf.ehcache.config.BeanHandler in play-internal-execution-context-37 
Ignoring ehcache attribute xsi:noNamespaceSchemaLocation

2014-08-24 20:11:42,382 - [DEBUG] - from net.sf.ehcache.CacheManager in play-internal-execution-context-37 
Creating new CacheManager with config URL: jar:file:/Users/dustinosthzn/.ivy2/cache/com.typesafe.play/play-cache_2.10/jars/play-cache_2.10-2.2.3.jar!/ehcache-default.xml

2014-08-24 20:11:42,382 - [DEBUG] - from net.sf.ehcache.util.PropertyUtil in play-internal-execution-context-37 
propertiesString is null.

2014-08-24 20:11:42,383 - [DEBUG] - from net.sf.ehcache.config.ConfigurationHelper in play-internal-execution-context-37 
No CacheManagerEventListenerFactory class specified. Skipping...

2014-08-24 20:11:42,383 - [DEBUG] - from net.sf.ehcache.Cache in play-internal-execution-context-37 
No BootstrapCacheLoaderFactory class specified. Skipping...

2014-08-24 20:11:42,383 - [DEBUG] - from net.sf.ehcache.Cache in play-internal-execution-context-37 
CacheWriter factory not configured. Skipping...

2014-08-24 20:11:42,383 - [DEBUG] - from net.sf.ehcache.config.ConfigurationHelper in play-internal-execution-context-37 
No CacheExceptionHandlerFactory class specified. Skipping...

2014-08-24 20:11:42,384 - [DEBUG] - from net.sf.ehcache.store.MemoryStore in play-internal-execution-context-37 
Initialized net.sf.ehcache.store.NotifyingMemoryStore for play

2014-08-24 20:11:42,384 - [DEBUG] - from net.sf.ehcache.Cache in play-internal-execution-context-37 
Initialised cache: play

2014-08-24 20:11:42,384 - [DEBUG] - from net.sf.ehcache.config.ConfigurationHelper in play-internal-execution-context-37 
CacheDecoratorFactory not configured for defaultCache. Skipping for 'play'.

2014-08-24 20:11:42,384 - [DEBUG] - from application in play-internal-execution-context-37 
** onStart **

2014-08-24 20:11:42,385 - [DEBUG] - from javax.management.mbeanserver in play-internal-execution-context-37 
 name = com.mongodb:type=ConnectionPool,host=localhost/127.0.0.1,port=27017,instance=4

2014-08-24 20:11:42,385 - [DEBUG] - from javax.management.mbeanserver in play-internal-execution-context-37 
ObjectName = com.mongodb:type=ConnectionPool,host=localhost/127.0.0.1,port=27017,instance=4

2014-08-24 20:11:42,385 - [DEBUG] - from javax.management.mbeanserver in play-internal-execution-context-37 
name = com.mongodb:type=ConnectionPool,host=localhost/127.0.0.1,port=27017,instance=4

2014-08-24 20:11:42,385 - [DEBUG] - from javax.management.mbeanserver in play-internal-execution-context-37 
Send create notification of object com.mongodb:host=localhost/127.0.0.1,instance=4,port=27017,type=ConnectionPool

2014-08-24 20:11:42,385 - [DEBUG] - from javax.management.mbeanserver in play-internal-execution-context-37 
JMX.mbean.registered com.mongodb:type=ConnectionPool,host=localhost/127.0.0.1,port=27017,instance=4

2014-08-24 20:11:42,388 - [DEBUG] - from application in play-internal-execution-context-37 
** Morphia datastore: boomer

2014-08-24 20:11:42,388 - [INFO] - from play in play-internal-execution-context-37 
Application started (Dev)

2014-08-24 20:11:42,791 - [DEBUG] - from com.google.code.morphia.mapping.MappedClass in play-akka.actor.default-dispatcher-286 
MappedClass done: MappedClass - kind:User for model.User fields:[_id ( type:ObjectId, single:true); {interface com.google.code.morphia.annotations.Id=@com.google.code.morphia.annotations.Id(), interface com.google.code.morphia.annotations.Property=@com.google.code.morphia.annotations.Property(value=id, concreteClass=class java.lang.Object)}, name ( type:String, single:true); {}, email ( type:String, single:true); {}, password ( type:String, single:true); {}, status ( type:String, single:true); {}]

2014-08-24 20:11:42,793 - [DEBUG] - from com.google.code.morphia.mapping.MappedClass in play-akka.actor.default-dispatcher-289 
MappedClass done: MappedClass - kind:Item for model.Item fields:[_id ( type:ObjectId, single:true); {interface com.google.code.morphia.annotations.Id=@com.google.code.morphia.annotations.Id()}, name ( type:String, single:true); {}, description ( type:String, single:true); {}]

2014-08-24 20:12:12,908 - [DEBUG] - from play in play-internal-execution-context-37 
Plugin [play.api.db.BoneCPPlugin] is disabled

2014-08-24 20:12:12,909 - [DEBUG] - from play in play-internal-execution-context-37 
Plugin [play.api.db.evolutions.EvolutionsPlugin] is disabled

2014-08-24 20:12:12,913 - [DEBUG] - from net.sf.ehcache.config.ConfigurationFactory in play-internal-execution-context-37 
Configuring ehcache from URL: jar:file:/Users/dustinosthzn/.ivy2/cache/com.typesafe.play/play-cache_2.10/jars/play-cache_2.10-2.2.3.jar!/ehcache-default.xml

2014-08-24 20:12:12,913 - [DEBUG] - from net.sf.ehcache.config.ConfigurationFactory in play-internal-execution-context-37 
Configuring ehcache from InputStream

2014-08-24 20:12:12,914 - [DEBUG] - from net.sf.ehcache.config.BeanHandler in play-internal-execution-context-37 
Ignoring ehcache attribute xmlns:xsi

2014-08-24 20:12:12,914 - [DEBUG] - from net.sf.ehcache.config.BeanHandler in play-internal-execution-context-37 
Ignoring ehcache attribute xsi:noNamespaceSchemaLocation

2014-08-24 20:12:12,915 - [DEBUG] - from net.sf.ehcache.CacheManager in play-internal-execution-context-37 
Creating new CacheManager with config URL: jar:file:/Users/dustinosthzn/.ivy2/cache/com.typesafe.play/play-cache_2.10/jars/play-cache_2.10-2.2.3.jar!/ehcache-default.xml

2014-08-24 20:12:12,915 - [DEBUG] - from net.sf.ehcache.util.PropertyUtil in play-internal-execution-context-37 
propertiesString is null.

2014-08-24 20:12:12,915 - [DEBUG] - from net.sf.ehcache.config.ConfigurationHelper in play-internal-execution-context-37 
No CacheManagerEventListenerFactory class specified. Skipping...

2014-08-24 20:12:12,915 - [DEBUG] - from net.sf.ehcache.Cache in play-internal-execution-context-37 
No BootstrapCacheLoaderFactory class specified. Skipping...

2014-08-24 20:12:12,915 - [DEBUG] - from net.sf.ehcache.Cache in play-internal-execution-context-37 
CacheWriter factory not configured. Skipping...

2014-08-24 20:12:12,916 - [DEBUG] - from net.sf.ehcache.config.ConfigurationHelper in play-internal-execution-context-37 
No CacheExceptionHandlerFactory class specified. Skipping...

2014-08-24 20:12:12,916 - [DEBUG] - from net.sf.ehcache.store.MemoryStore in play-internal-execution-context-37 
Initialized net.sf.ehcache.store.NotifyingMemoryStore for play

2014-08-24 20:12:12,916 - [DEBUG] - from net.sf.ehcache.Cache in play-internal-execution-context-37 
Initialised cache: play

2014-08-24 20:12:12,917 - [DEBUG] - from net.sf.ehcache.config.ConfigurationHelper in play-internal-execution-context-37 
CacheDecoratorFactory not configured for defaultCache. Skipping for 'play'.

2014-08-24 20:12:12,917 - [DEBUG] - from application in play-internal-execution-context-37 
** onStart **

2014-08-24 20:12:12,918 - [DEBUG] - from javax.management.mbeanserver in play-internal-execution-context-37 
 name = com.mongodb:type=ConnectionPool,host=localhost/127.0.0.1,port=27017,instance=5

2014-08-24 20:12:12,918 - [DEBUG] - from javax.management.mbeanserver in play-internal-execution-context-37 
ObjectName = com.mongodb:type=ConnectionPool,host=localhost/127.0.0.1,port=27017,instance=5

2014-08-24 20:12:12,918 - [DEBUG] - from javax.management.mbeanserver in play-internal-execution-context-37 
name = com.mongodb:type=ConnectionPool,host=localhost/127.0.0.1,port=27017,instance=5

2014-08-24 20:12:12,918 - [DEBUG] - from javax.management.mbeanserver in play-internal-execution-context-37 
Send create notification of object com.mongodb:host=localhost/127.0.0.1,instance=5,port=27017,type=ConnectionPool

2014-08-24 20:12:12,918 - [DEBUG] - from javax.management.mbeanserver in play-internal-execution-context-37 
JMX.mbean.registered com.mongodb:type=ConnectionPool,host=localhost/127.0.0.1,port=27017,instance=5

2014-08-24 20:12:12,920 - [DEBUG] - from application in play-internal-execution-context-37 
** Morphia datastore: boomer

2014-08-24 20:12:12,920 - [INFO] - from play in play-internal-execution-context-37 
Application started (Dev)

2014-08-24 20:12:13,265 - [DEBUG] - from com.google.code.morphia.mapping.MappedClass in play-akka.actor.default-dispatcher-285 
MappedClass done: MappedClass - kind:Item for model.Item fields:[_id ( type:ObjectId, single:true); {interface com.google.code.morphia.annotations.Id=@com.google.code.morphia.annotations.Id()}, name ( type:String, single:true); {}, description ( type:String, single:true); {}]

2014-08-24 20:12:13,265 - [DEBUG] - from com.google.code.morphia.mapping.MappedClass in play-akka.actor.default-dispatcher-288 
MappedClass done: MappedClass - kind:User for model.User fields:[_id ( type:ObjectId, single:true); {interface com.google.code.morphia.annotations.Id=@com.google.code.morphia.annotations.Id(), interface com.google.code.morphia.annotations.Property=@com.google.code.morphia.annotations.Property(value=id, concreteClass=class java.lang.Object)}, name ( type:String, single:true); {}, email ( type:String, single:true); {}, password ( type:String, single:true); {}, status ( type:String, single:true); {}]

